     1                                  bits 32 
     2                                  
     3                                  global start        
     4                                  
     5                                  extern exit, fopen, fclose, fwrite, fread, scanf, printf               
     6                                  import exit msvcrt.dll  
     7                                  import fopen msvcrt.dll 
     8                                  import fclose msvcrt.dll 
     9                                  import fwrite msvcrt.dll 
    10                                  import fread msvcrt.dll 
    11                                  import scanf msvcrt.dll 
    12                                  import printf msvcrt.dll 
    13                                  
    14                                  segment data use32 class=data
    15 00000000 00                          fileName db 0
    16 00000001 00000000                    c dd 0
    17 00000005 00000000                    n dd 0
    18 00000009 00000000                    character dd 0
    19 0000000D 6F75747075742E7478-         outputFile db 'output.txt', 0
    19 00000016 7400               
    20 00000018 7700                        modwrite db 'w', 0
    21 0000001A 256300                      format db "%c", 0
    22 0000001D 256400                      formatNumber db "%d", 0
    23 00000020 257300                      formatRead db "%s", 0
    24 00000023 FFFFFFFF                    handle1 dd -1
    25 00000027 FFFFFFFF                    handle2 dd -1
    26 0000002B 66696C65204E616D65-         printFile db "file Name = ", 0
    26 00000034 203D2000           
    27 00000038 63203D2000                  printC db "c = ", 0
    28 0000003D 6E203D2000                  printN db "n = ", 0
    29                                     
    30                                  segment code use32 class=code
    31                                      start:
    32                                          
    33 00000000 68[38000000]                    push dword printC
    34 00000005 FF15[00000000]                  call [printf]
    35 0000000B 83C404                          add esp, 4 * 1
    36                                         
    37 0000000E 68[01000000]                    push dword c 
    38 00000013 68[1A000000]                    push dword format 
    39 00000018 FF15[00000000]                  call [scanf]
    40 0000001E 83C408                          add esp, 4 * 2
    41                                          
    42 00000021 8B15[01000000]                  mov edx, dword[c] 
    43                                              
    44 00000027 6A00                            push    dword 0      
    45 00000029 FF15[00000000]                  call    [exit]       
